<?xml version="1.0" encoding="UTF-8"?>
<testsuite xmlns:xsi="http://www.w3.org/2001/XMLSchema-instance" xsi:noNamespaceSchemaLocation="https://maven.apache.org/surefire/maven-surefire-plugin/xsd/surefire-test-report.xsd" name="com.torrecampo.AppTest" time="0.338" tests="52" errors="0" skipped="0" failures="0">
  <properties>
[...]
</properties>
  <testcase name="checkIsosceles2" classname="com.torrecampo.AppTest" time="0.013"/>
  <testcase name="checkIsosceles3" classname="com.torrecampo.AppTest" time="0"/>
  <testcase name="checkIsosceles4" classname="com.torrecampo.AppTest" time="0.001"/>
  <testcase name="checkIsosceles5" classname="com.torrecampo.AppTest" time="0.001"/>
  <testcase name="checkNotScalene1" classname="com.torrecampo.AppTest" time="0"/>
  <testcase name="checkNotScalene2" classname="com.torrecampo.AppTest" time="0.001"/>
  <testcase name="checkNotScalene3" classname="com.torrecampo.AppTest" time="0"/>
  <testcase name="checkNotScalene4" classname="com.torrecampo.AppTest" time="0"/>
  <testcase name="checkEquilateral" classname="com.torrecampo.AppTest" time="0"/>
  <testcase name="checkIsosceles" classname="com.torrecampo.AppTest" time="0"/>
  <testcase name="rejectDegenerateTriangle" classname="com.torrecampo.AppTest" time="0.004"/>
  <testcase name="checkNotRight" classname="com.torrecampo.AppTest" time="0.014"/>
  <testcase name="rejectInvalidTriangle1" classname="com.torrecampo.AppTest" time="0"/>
  <testcase name="rejectInvalidTriangle2" classname="com.torrecampo.AppTest" time="0"/>
  <testcase name="rejectInvalidTriangle3" classname="com.torrecampo.AppTest" time="0"/>
  <testcase name="rejectInvalidTriangle4" classname="com.torrecampo.AppTest" time="0"/>
  <testcase name="rejectInvalidTriangle5" classname="com.torrecampo.AppTest" time="0"/>
  <testcase name="rejectInvalidTriangle6" classname="com.torrecampo.AppTest" time="0"/>
  <testcase name="triangleIsValid1" classname="com.torrecampo.AppTest" time="0"/>
  <testcase name="triangleIsValid2" classname="com.torrecampo.AppTest" time="0"/>
  <testcase name="triangleIsValid3" classname="com.torrecampo.AppTest" time="0"/>
  <testcase name="triangleIsValid4" classname="com.torrecampo.AppTest" time="0.001"/>
  <testcase name="triangleIsValid5" classname="com.torrecampo.AppTest" time="0"/>
  <testcase name="triangleIsValid6" classname="com.torrecampo.AppTest" time="0.001"/>
  <testcase name="checkNotEquilateral" classname="com.torrecampo.AppTest" time="0"/>
  <testcase name="checkArea" classname="com.torrecampo.AppTest" time="0"/>
  <testcase name="checkRightIsosceles" classname="com.torrecampo.AppTest" time="0"/>
  <testcase name="checkNotIsosceles2" classname="com.torrecampo.AppTest" time="0"/>
  <testcase name="checkNotIsosceles3" classname="com.torrecampo.AppTest" time="0"/>
  <testcase name="checkNotIsosceles4" classname="com.torrecampo.AppTest" time="0"/>
  <testcase name="checkNotIsosceles5" classname="com.torrecampo.AppTest" time="0"/>
  <testcase name="checkNotIsosceles6" classname="com.torrecampo.AppTest" time="0"/>
  <testcase name="checkRight1" classname="com.torrecampo.AppTest" time="0"/>
  <testcase name="checkRight2" classname="com.torrecampo.AppTest" time="0.002"/>
  <testcase name="checkRight3" classname="com.torrecampo.AppTest" time="0"/>
  <testcase name="checkRight4" classname="com.torrecampo.AppTest" time="0"/>
  <testcase name="checkRight5" classname="com.torrecampo.AppTest" time="0"/>
  <testcase name="checkRight6" classname="com.torrecampo.AppTest" time="0"/>
  <testcase name="checkRightScalene" classname="com.torrecampo.AppTest" time="0"/>
  <testcase name="checkScalene1" classname="com.torrecampo.AppTest" time="0"/>
  <testcase name="checkScalene2" classname="com.torrecampo.AppTest" time="0"/>
  <testcase name="checkScalene3" classname="com.torrecampo.AppTest" time="0"/>
  <testcase name="checkScalene4" classname="com.torrecampo.AppTest" time="0"/>
  <testcase name="checkScalene5" classname="com.torrecampo.AppTest" time="0"/>
  <testcase name="checkScalene6" classname="com.torrecampo.AppTest" time="0"/>
  <testcase name="checkEquilateralIsosceles" classname="com.torrecampo.AppTest" time="0"/>
  <testcase name="nullPoint1" classname="com.torrecampo.AppTest" time="0"/>
  <testcase name="nullPoint2" classname="com.torrecampo.AppTest" time="0"/>
  <testcase name="nullPoint3" classname="com.torrecampo.AppTest" time="0"/>
  <testcase name="pointsConvertToSides" classname="com.torrecampo.AppTest" time="0"/>
  <testcase name="checkNotEquilateral2" classname="com.torrecampo.AppTest" time="0.001"/>
  <testcase name="checkSemiPerimeter" classname="com.torrecampo.AppTest" time="0.001"/>
</testsuite>